<?xml version="1.0" encoding="UTF-8"?>
<!-- Generated by org.testng.reporters.JUnitXMLReporter -->
<testsuite ignored="1" hostname="LAPTOP-O5QB53EQ" failures="0" tests="4" name="Default test" time="1.199" errors="0" timestamp="2022-06-20T18:44:00 IST">
  <testcase classname="VerifyMethods.VerifyAll" name="TestPostMeth" time="1.097"/>
  <testcase classname="VerifyMethods.VerifyAll" name="TestPutMeth" time="0.027"/>
  <testcase classname="VerifyMethods.VerifyAll" name="TestGetMeth" time="0.032"/>
  <testcase classname="VerifyMethods.VerifyAll" name="TestSingleid" time="0.01"/>
  <testcase classname="VerifyMethods.VerifyAll" name="TestDelete" time="0.0">
    <ignored/>
  </testcase> <!-- TestDelete -->
</testsuite> <!-- Default test -->
